<?xml version="1.0" encoding="UTF-8"?>
<testng-results ignored="0" total="1" passed="1" failed="0" skipped="0">
  <reporter-output>
  </reporter-output>
  <suite started-at="2021-04-05T18:29:37 IST" name="Default suite" finished-at="2021-04-05T18:29:38 IST" duration-ms="848">
    <groups>
    </groups>
    <test started-at="2021-04-05T18:29:37 IST" name="Default test" finished-at="2021-04-05T18:29:38 IST" duration-ms="848">
      <class name="com.qa.rest.tests.DeleteUserTest">
        <test-method signature="testDeleteUserTest()[pri:4, instance:com.qa.rest.tests.DeleteUserTest@713ec32d]" started-at="2021-04-05T18:29:38 IST" name="testDeleteUserTest" finished-at="2021-04-05T18:29:38 IST" duration-ms="784" status="PASS">
          <reporter-output>
          </reporter-output>
        </test-method> <!-- testDeleteUserTest -->
      </class> <!-- com.qa.rest.tests.DeleteUserTest -->
    </test> <!-- Default test -->
  </suite> <!-- Default suite -->
</testng-results>
